[2020-04-25 14:05:53.830] [main] [info] update#setState idle
[2020-04-25 14:06:23.832] [main] [info] update#setState checking for updates
[2020-04-25 14:06:23.989] [main] [info] update#setState idle
[2020-04-25 15:06:23.863] [main] [info] update#setState checking for updates
[2020-04-25 15:06:24.596] [main] [info] update#setState idle
[2020-04-25 16:06:23.893] [main] [info] update#setState checking for updates
[2020-04-25 16:06:24.848] [main] [info] update#setState idle
[2020-04-25 17:06:23.928] [main] [info] update#setState checking for updates
[2020-04-25 17:06:24.760] [main] [info] update#setState idle
[2020-04-25 18:06:23.963] [main] [info] update#setState checking for updates
[2020-04-25 18:06:24.594] [main] [info] update#setState idle
[2020-04-25 19:06:23.999] [main] [info] update#setState checking for updates
[2020-04-25 19:06:24.085] [main] [error] Error: net::ERR_INTERNET_DISCONNECTED
    at SimpleURLLoaderWrapper.<anonymous> (electron/js2c/browser_init.js:2623:21)
    at SimpleURLLoaderWrapper.emit (events.js:203:13)
[2020-04-25 19:06:24.085] [main] [info] update#setState idle
[2020-04-25 20:06:24.027] [main] [info] update#setState checking for updates
[2020-04-25 20:06:29.088] [main] [error] Error: net::ERR_NAME_RESOLUTION_FAILED
    at SimpleURLLoaderWrapper.<anonymous> (electron/js2c/browser_init.js:2623:21)
    at SimpleURLLoaderWrapper.emit (events.js:203:13)
[2020-04-25 20:06:29.088] [main] [info] update#setState idle
