[2020-04-25 22:32:12.879] [exthost] [info] extension host started
[2020-04-25 22:32:13.147] [exthost] [info] ExtensionService#_doActivateExtension vscode.emmet {"startup":false,"extensionId":{"value":"vscode.emmet","_lower":"vscode.emmet"},"activationEvent":"onLanguage:html"}
[2020-04-25 22:32:13.151] [exthost] [info] ExtensionService#loadCommonJSModule file:///usr/share/code/resources/app/extensions/emmet/dist/extension
[2020-04-25 22:32:13.284] [exthost] [info] ExtensionService#_doActivateExtension vscode.html-language-features {"startup":false,"extensionId":{"value":"vscode.html-language-features","_lower":"vscode.html-language-features"},"activationEvent":"onLanguage:html"}
[2020-04-25 22:32:13.287] [exthost] [info] ExtensionService#loadCommonJSModule file:///usr/share/code/resources/app/extensions/html-language-features/client/dist/htmlMain
[2020-04-25 22:32:13.381] [exthost] [info] ExtensionService#_doActivateExtension vscode.debug-auto-launch {"startup":true,"extensionId":{"value":"vscode.debug-auto-launch","_lower":"vscode.debug-auto-launch"},"activationEvent":"*"}
[2020-04-25 22:32:13.381] [exthost] [info] ExtensionService#loadCommonJSModule file:///usr/share/code/resources/app/extensions/debug-auto-launch/dist/extension
[2020-04-25 22:32:13.391] [exthost] [info] ExtensionService#_doActivateExtension vscode.git {"startup":true,"extensionId":{"value":"vscode.git","_lower":"vscode.git"},"activationEvent":"*"}
[2020-04-25 22:32:13.391] [exthost] [info] ExtensionService#loadCommonJSModule file:///usr/share/code/resources/app/extensions/git/dist/main
[2020-04-25 22:32:13.435] [exthost] [info] ExtensionService#_doActivateExtension vscode.github-authentication {"startup":true,"extensionId":{"value":"vscode.github-authentication","_lower":"vscode.github-authentication"},"activationEvent":"*"}
[2020-04-25 22:32:13.435] [exthost] [info] ExtensionService#loadCommonJSModule file:///usr/share/code/resources/app/extensions/github-authentication/dist/extension.js
[2020-04-25 22:32:13.444] [exthost] [info] ExtensionService#_doActivateExtension vscode.merge-conflict {"startup":true,"extensionId":{"value":"vscode.merge-conflict","_lower":"vscode.merge-conflict"},"activationEvent":"*"}
[2020-04-25 22:32:13.445] [exthost] [info] ExtensionService#loadCommonJSModule file:///usr/share/code/resources/app/extensions/merge-conflict/dist/extension
[2020-04-25 22:32:13.456] [exthost] [info] ExtensionService#_doActivateExtension vscode.search-result {"startup":true,"extensionId":{"value":"vscode.search-result","_lower":"vscode.search-result"},"activationEvent":"*"}
[2020-04-25 22:32:13.457] [exthost] [info] ExtensionService#loadCommonJSModule file:///usr/share/code/resources/app/extensions/search-result/dist/extension.js
[2020-04-25 22:32:13.461] [exthost] [info] ExtensionService#_doActivateExtension vscode.vscode-account {"startup":true,"extensionId":{"value":"vscode.vscode-account","_lower":"vscode.vscode-account"},"activationEvent":"*"}
[2020-04-25 22:32:13.461] [exthost] [info] ExtensionService#loadCommonJSModule file:///usr/share/code/resources/app/extensions/vscode-account/dist/extension.js
[2020-04-25 22:32:13.525] [exthost] [info] eager extensions activated
[2020-04-25 22:36:10.694] [exthost] [info] ExtensionService#_doActivateExtension vscode.css-language-features {"startup":false,"extensionId":{"value":"vscode.css-language-features","_lower":"vscode.css-language-features"},"activationEvent":"onLanguage:css"}
[2020-04-25 22:36:10.694] [exthost] [info] ExtensionService#loadCommonJSModule file:///usr/share/code/resources/app/extensions/css-language-features/client/dist/cssMain
[2020-04-25 22:36:58.623] [exthost] [info] ExtensionService#_doActivateExtension ms-vscode.node-debug2 {"startup":false,"extensionId":{"value":"ms-vscode.node-debug","_lower":"ms-vscode.node-debug"},"activationEvent":"onDebugInitialConfigurations"}
[2020-04-25 22:36:58.623] [exthost] [info] ExtensionService#loadCommonJSModule file:///usr/share/code/resources/app/extensions/ms-vscode.node-debug2/out/src/extension
[2020-04-25 22:36:58.664] [exthost] [info] ExtensionService#_doActivateExtension ms-vscode.node-debug {"startup":false,"extensionId":{"value":"ms-vscode.node-debug","_lower":"ms-vscode.node-debug"},"activationEvent":"onDebugInitialConfigurations"}
[2020-04-25 22:36:58.664] [exthost] [info] ExtensionService#loadCommonJSModule file:///usr/share/code/resources/app/extensions/ms-vscode.node-debug/dist/extension.js
[2020-04-25 22:37:19.479] [exthost] [info] ExtensionService#_doActivateExtension vscode.debug-server-ready {"startup":false,"extensionId":{"value":"vscode.debug-server-ready","_lower":"vscode.debug-server-ready"},"activationEvent":"onDebugResolve"}
[2020-04-25 22:37:19.479] [exthost] [info] ExtensionService#loadCommonJSModule file:///usr/share/code/resources/app/extensions/debug-server-ready/dist/extension
[2020-04-26 01:03:39.259] [exthost] [info] extension host started
[2020-04-26 01:03:39.341] [exthost] [info] ExtensionService#_doActivateExtension vscode.css-language-features {"startup":false,"extensionId":{"value":"vscode.css-language-features","_lower":"vscode.css-language-features"},"activationEvent":"onLanguage:css"}
[2020-04-26 01:03:39.342] [exthost] [info] ExtensionService#loadCommonJSModule file:///usr/share/code/resources/app/extensions/css-language-features/client/dist/cssMain
[2020-04-26 01:03:39.456] [exthost] [info] ExtensionService#_doActivateExtension vscode.emmet {"startup":false,"extensionId":{"value":"vscode.emmet","_lower":"vscode.emmet"},"activationEvent":"onLanguage:css"}
[2020-04-26 01:03:39.457] [exthost] [info] ExtensionService#loadCommonJSModule file:///usr/share/code/resources/app/extensions/emmet/dist/extension
[2020-04-26 01:03:39.559] [exthost] [info] ExtensionService#_doActivateExtension vscode.debug-auto-launch {"startup":true,"extensionId":{"value":"vscode.debug-auto-launch","_lower":"vscode.debug-auto-launch"},"activationEvent":"*"}
[2020-04-26 01:03:39.562] [exthost] [info] ExtensionService#loadCommonJSModule file:///usr/share/code/resources/app/extensions/debug-auto-launch/dist/extension
[2020-04-26 01:03:39.571] [exthost] [info] ExtensionService#_doActivateExtension vscode.git {"startup":true,"extensionId":{"value":"vscode.git","_lower":"vscode.git"},"activationEvent":"*"}
[2020-04-26 01:03:39.571] [exthost] [info] ExtensionService#loadCommonJSModule file:///usr/share/code/resources/app/extensions/git/dist/main
[2020-04-26 01:03:39.672] [exthost] [info] ExtensionService#_doActivateExtension vscode.github-authentication {"startup":true,"extensionId":{"value":"vscode.github-authentication","_lower":"vscode.github-authentication"},"activationEvent":"*"}
[2020-04-26 01:03:39.675] [exthost] [info] ExtensionService#loadCommonJSModule file:///usr/share/code/resources/app/extensions/github-authentication/dist/extension.js
[2020-04-26 01:03:39.710] [exthost] [info] ExtensionService#_doActivateExtension vscode.merge-conflict {"startup":true,"extensionId":{"value":"vscode.merge-conflict","_lower":"vscode.merge-conflict"},"activationEvent":"*"}
[2020-04-26 01:03:39.711] [exthost] [info] ExtensionService#loadCommonJSModule file:///usr/share/code/resources/app/extensions/merge-conflict/dist/extension
[2020-04-26 01:03:39.735] [exthost] [info] ExtensionService#_doActivateExtension vscode.search-result {"startup":true,"extensionId":{"value":"vscode.search-result","_lower":"vscode.search-result"},"activationEvent":"*"}
[2020-04-26 01:03:39.739] [exthost] [info] ExtensionService#loadCommonJSModule file:///usr/share/code/resources/app/extensions/search-result/dist/extension.js
[2020-04-26 01:03:39.753] [exthost] [info] ExtensionService#_doActivateExtension vscode.vscode-account {"startup":true,"extensionId":{"value":"vscode.vscode-account","_lower":"vscode.vscode-account"},"activationEvent":"*"}
[2020-04-26 01:03:39.754] [exthost] [info] ExtensionService#loadCommonJSModule file:///usr/share/code/resources/app/extensions/vscode-account/dist/extension.js
[2020-04-26 01:03:39.845] [exthost] [info] eager extensions activated
[2020-04-26 01:04:47.769] [exthost] [info] ExtensionService#_doActivateExtension vscode.html-language-features {"startup":false,"extensionId":{"value":"vscode.html-language-features","_lower":"vscode.html-language-features"},"activationEvent":"onLanguage:html"}
[2020-04-26 01:04:47.774] [exthost] [info] ExtensionService#loadCommonJSModule file:///usr/share/code/resources/app/extensions/html-language-features/client/dist/htmlMain
[2020-04-26 01:24:35.377] [exthost] [error] [vscode.html-language-features] provider FAILED
[2020-04-26 01:24:35.391] [exthost] [error] Error: Receving unknown insert replace range.
	at m (/usr/share/code/resources/app/extensions/html-language-features/client/dist/htmlMain.js:1:191367)
	at /usr/share/code/resources/app/extensions/html-language-features/client/dist/htmlMain.js:1:196240
	at Object.asCompletionItem (/usr/share/code/resources/app/extensions/html-language-features/client/dist/htmlMain.js:1:196354)
	at o (/usr/share/code/resources/app/extensions/html-language-features/client/dist/htmlMain.js:1:22454)
	at Object.n.resolveCompletionItem (/usr/share/code/resources/app/extensions/html-language-features/client/dist/htmlMain.js:1:22665)
	at /usr/share/code/resources/app/out/vs/workbench/services/extensions/node/extensionHostProcess.js:639:750
	at /usr/share/code/resources/app/out/vs/workbench/services/extensions/node/extensionHostProcess.js:54:761
	at new Promise (<anonymous>)
	at Object.t.asPromise (/usr/share/code/resources/app/out/vs/workbench/services/extensions/node/extensionHostProcess.js:54:733)
	at H.resolveCompletionItem (/usr/share/code/resources/app/out/vs/workbench/services/extensions/node/extensionHostProcess.js:639:721)
	at /usr/share/code/resources/app/out/vs/workbench/services/extensions/node/extensionHostProcess.js:658:338
	at e._withAdapter (/usr/share/code/resources/app/out/vs/workbench/services/extensions/node/extensionHostProcess.js:649:159)
	at e.$resolveCompletionItem (/usr/share/code/resources/app/out/vs/workbench/services/extensions/node/extensionHostProcess.js:658:316)
	at e._doInvokeHandler (/usr/share/code/resources/app/out/vs/workbench/services/extensions/node/extensionHostProcess.js:752:683)
	at e._invokeHandler (/usr/share/code/resources/app/out/vs/workbench/services/extensions/node/extensionHostProcess.js:752:375)
	at e._receiveRequest (/usr/share/code/resources/app/out/vs/workbench/services/extensions/node/extensionHostProcess.js:750:953)
	at e._receiveOneMessage (/usr/share/code/resources/app/out/vs/workbench/services/extensions/node/extensionHostProcess.js:749:832)
	at /usr/share/code/resources/app/out/vs/workbench/services/extensions/node/extensionHostProcess.js:748:34
	at e.fire (/usr/share/code/resources/app/out/vs/workbench/services/extensions/node/extensionHostProcess.js:48:497)
	at v.fire (/usr/share/code/resources/app/out/vs/workbench/services/extensions/node/extensionHostProcess.js:206:615)
	at /usr/share/code/resources/app/out/vs/workbench/services/extensions/node/extensionHostProcess.js:919:744
	at e.fire (/usr/share/code/resources/app/out/vs/workbench/services/extensions/node/extensionHostProcess.js:48:497)
	at v.fire (/usr/share/code/resources/app/out/vs/workbench/services/extensions/node/extensionHostProcess.js:206:615)
	at t.PersistentProtocol._receiveMessage (/usr/share/code/resources/app/out/vs/workbench/services/extensions/node/extensionHostProcess.js:211:17)
	at /usr/share/code/resources/app/out/vs/workbench/services/extensions/node/extensionHostProcess.js:208:155
	at e.fire (/usr/share/code/resources/app/out/vs/workbench/services/extensions/node/extensionHostProcess.js:48:497)
	at p.acceptChunk (/usr/share/code/resources/app/out/vs/workbench/services/extensions/node/extensionHostProcess.js:204:129)
	at /usr/share/code/resources/app/out/vs/workbench/services/extensions/node/extensionHostProcess.js:203:483
	at Socket.t (/usr/share/code/resources/app/out/vs/workbench/services/extensions/node/extensionHostProcess.js:212:565)
	at Socket.emit (events.js:203:13)
	at addChunk (_stream_readable.js:295:12)
	at readableAddChunk (_stream_readable.js:276:11)
	at Socket.Readable.push (_stream_readable.js:210:10)
	at Pipe.onStreamRead (internal/stream_base_commons.js:166:17)
[2020-04-26 01:24:36.442] [exthost] [error] [vscode.html-language-features] provider FAILED
[2020-04-26 01:24:36.443] [exthost] [error] Error: Receving unknown insert replace range.
	at m (/usr/share/code/resources/app/extensions/html-language-features/client/dist/htmlMain.js:1:191367)
	at /usr/share/code/resources/app/extensions/html-language-features/client/dist/htmlMain.js:1:196240
	at Object.asCompletionItem (/usr/share/code/resources/app/extensions/html-language-features/client/dist/htmlMain.js:1:196354)
	at o (/usr/share/code/resources/app/extensions/html-language-features/client/dist/htmlMain.js:1:22454)
	at Object.n.resolveCompletionItem (/usr/share/code/resources/app/extensions/html-language-features/client/dist/htmlMain.js:1:22665)
	at /usr/share/code/resources/app/out/vs/workbench/services/extensions/node/extensionHostProcess.js:639:750
	at /usr/share/code/resources/app/out/vs/workbench/services/extensions/node/extensionHostProcess.js:54:761
	at new Promise (<anonymous>)
	at Object.t.asPromise (/usr/share/code/resources/app/out/vs/workbench/services/extensions/node/extensionHostProcess.js:54:733)
	at H.resolveCompletionItem (/usr/share/code/resources/app/out/vs/workbench/services/extensions/node/extensionHostProcess.js:639:721)
	at /usr/share/code/resources/app/out/vs/workbench/services/extensions/node/extensionHostProcess.js:658:338
	at e._withAdapter (/usr/share/code/resources/app/out/vs/workbench/services/extensions/node/extensionHostProcess.js:649:159)
	at e.$resolveCompletionItem (/usr/share/code/resources/app/out/vs/workbench/services/extensions/node/extensionHostProcess.js:658:316)
	at e._doInvokeHandler (/usr/share/code/resources/app/out/vs/workbench/services/extensions/node/extensionHostProcess.js:752:683)
	at e._invokeHandler (/usr/share/code/resources/app/out/vs/workbench/services/extensions/node/extensionHostProcess.js:752:375)
	at e._receiveRequest (/usr/share/code/resources/app/out/vs/workbench/services/extensions/node/extensionHostProcess.js:750:953)
	at e._receiveOneMessage (/usr/share/code/resources/app/out/vs/workbench/services/extensions/node/extensionHostProcess.js:749:832)
	at /usr/share/code/resources/app/out/vs/workbench/services/extensions/node/extensionHostProcess.js:748:34
	at e.fire (/usr/share/code/resources/app/out/vs/workbench/services/extensions/node/extensionHostProcess.js:48:497)
	at v.fire (/usr/share/code/resources/app/out/vs/workbench/services/extensions/node/extensionHostProcess.js:206:615)
	at /usr/share/code/resources/app/out/vs/workbench/services/extensions/node/extensionHostProcess.js:919:744
	at e.fire (/usr/share/code/resources/app/out/vs/workbench/services/extensions/node/extensionHostProcess.js:48:497)
	at v.fire (/usr/share/code/resources/app/out/vs/workbench/services/extensions/node/extensionHostProcess.js:206:615)
	at t.PersistentProtocol._receiveMessage (/usr/share/code/resources/app/out/vs/workbench/services/extensions/node/extensionHostProcess.js:211:17)
	at /usr/share/code/resources/app/out/vs/workbench/services/extensions/node/extensionHostProcess.js:208:155
	at e.fire (/usr/share/code/resources/app/out/vs/workbench/services/extensions/node/extensionHostProcess.js:48:497)
	at p.acceptChunk (/usr/share/code/resources/app/out/vs/workbench/services/extensions/node/extensionHostProcess.js:204:129)
	at /usr/share/code/resources/app/out/vs/workbench/services/extensions/node/extensionHostProcess.js:203:483
	at Socket.t (/usr/share/code/resources/app/out/vs/workbench/services/extensions/node/extensionHostProcess.js:212:565)
	at Socket.emit (events.js:203:13)
	at addChunk (_stream_readable.js:295:12)
	at readableAddChunk (_stream_readable.js:276:11)
	at Socket.Readable.push (_stream_readable.js:210:10)
	at Pipe.onStreamRead (internal/stream_base_commons.js:166:17)
[2020-04-26 01:47:21.783] [exthost] [error] [vscode.html-language-features] provider FAILED
[2020-04-26 01:47:21.792] [exthost] [error] Error: Receving unknown insert replace range.
	at m (/usr/share/code/resources/app/extensions/html-language-features/client/dist/htmlMain.js:1:191367)
	at /usr/share/code/resources/app/extensions/html-language-features/client/dist/htmlMain.js:1:196240
	at Object.asCompletionItem (/usr/share/code/resources/app/extensions/html-language-features/client/dist/htmlMain.js:1:196354)
	at o (/usr/share/code/resources/app/extensions/html-language-features/client/dist/htmlMain.js:1:22454)
	at Object.n.resolveCompletionItem (/usr/share/code/resources/app/extensions/html-language-features/client/dist/htmlMain.js:1:22665)
	at /usr/share/code/resources/app/out/vs/workbench/services/extensions/node/extensionHostProcess.js:639:750
	at /usr/share/code/resources/app/out/vs/workbench/services/extensions/node/extensionHostProcess.js:54:761
	at new Promise (<anonymous>)
	at Object.t.asPromise (/usr/share/code/resources/app/out/vs/workbench/services/extensions/node/extensionHostProcess.js:54:733)
	at H.resolveCompletionItem (/usr/share/code/resources/app/out/vs/workbench/services/extensions/node/extensionHostProcess.js:639:721)
	at /usr/share/code/resources/app/out/vs/workbench/services/extensions/node/extensionHostProcess.js:658:338
	at e._withAdapter (/usr/share/code/resources/app/out/vs/workbench/services/extensions/node/extensionHostProcess.js:649:159)
	at e.$resolveCompletionItem (/usr/share/code/resources/app/out/vs/workbench/services/extensions/node/extensionHostProcess.js:658:316)
	at e._doInvokeHandler (/usr/share/code/resources/app/out/vs/workbench/services/extensions/node/extensionHostProcess.js:752:683)
	at e._invokeHandler (/usr/share/code/resources/app/out/vs/workbench/services/extensions/node/extensionHostProcess.js:752:375)
	at e._receiveRequest (/usr/share/code/resources/app/out/vs/workbench/services/extensions/node/extensionHostProcess.js:750:953)
	at e._receiveOneMessage (/usr/share/code/resources/app/out/vs/workbench/services/extensions/node/extensionHostProcess.js:749:832)
	at /usr/share/code/resources/app/out/vs/workbench/services/extensions/node/extensionHostProcess.js:748:34
	at e.fire (/usr/share/code/resources/app/out/vs/workbench/services/extensions/node/extensionHostProcess.js:48:497)
	at v.fire (/usr/share/code/resources/app/out/vs/workbench/services/extensions/node/extensionHostProcess.js:206:615)
	at /usr/share/code/resources/app/out/vs/workbench/services/extensions/node/extensionHostProcess.js:919:744
	at e.fire (/usr/share/code/resources/app/out/vs/workbench/services/extensions/node/extensionHostProcess.js:48:497)
	at v.fire (/usr/share/code/resources/app/out/vs/workbench/services/extensions/node/extensionHostProcess.js:206:615)
	at t.PersistentProtocol._receiveMessage (/usr/share/code/resources/app/out/vs/workbench/services/extensions/node/extensionHostProcess.js:211:17)
	at /usr/share/code/resources/app/out/vs/workbench/services/extensions/node/extensionHostProcess.js:208:155
	at e.fire (/usr/share/code/resources/app/out/vs/workbench/services/extensions/node/extensionHostProcess.js:48:497)
	at p.acceptChunk (/usr/share/code/resources/app/out/vs/workbench/services/extensions/node/extensionHostProcess.js:204:129)
	at /usr/share/code/resources/app/out/vs/workbench/services/extensions/node/extensionHostProcess.js:203:483
	at Socket.t (/usr/share/code/resources/app/out/vs/workbench/services/extensions/node/extensionHostProcess.js:212:565)
	at Socket.emit (events.js:203:13)
	at addChunk (_stream_readable.js:295:12)
	at readableAddChunk (_stream_readable.js:276:11)
	at Socket.Readable.push (_stream_readable.js:210:10)
	at Pipe.onStreamRead (internal/stream_base_commons.js:166:17)
